<?xml version="1.0" encoding="UTF-8"?>
<!-- Generated by org.testng.reporters.JUnitXMLReporter -->
<testsuite ignored="0" hostname="EPPATELRW7" failures="1" tests="3" name="initialtest" time="4.44" errors="0" timestamp="06 Sep 2018 15:13:39 GMT">
  <testcase classname="com.rikin.qa.sslchecker.LaunchWebInitialTest" name="appWebLaunchTest" time="1.785"/>
  <testcase classname="com.rikin.qa.sslchecker.LaunchWebInitialTest" name="appWebLaunchTest" time="2.564"/>
  <testcase classname="com.rikin.qa.sslchecker.LaunchWebInitialTest" name="appWebLaunchTest" time="0.035">
    <failure type="java.lang.AssertionError" message="Test case Fail">
      <![CDATA[java.lang.AssertionError: Test case Fail
at com.rikin.qa.sslchecker.VerifyLinkActive.handleCertificates(VerifyLinkActive.java:81)
at com.rikin.qa.sslchecker.LaunchWebInitialTest.appWebLaunchTest(LaunchWebInitialTest.java:23)
... Removed 26 stack frames]]>
    </failure>
  </testcase> <!-- appWebLaunchTest -->
</testsuite> <!-- initialtest -->
